
*** Running vivado
    with args -log ALU.vds -m64 -product Vivado -mode batch -messageDb vivado.pb -notrace -source ALU.tcl


****** Vivado v2024.1 (64-bit)
  **** SW Build 5076996 on Wed May 22 18:36:09 MDT 2024
  **** IP Build 5075265 on Wed May 22 21:45:21 MDT 2024
  **** SharedData Build 5076995 on Wed May 22 18:29:18 MDT 2024
  **** Start of session at: Sun Jul 28 20:12:14 2024
    ** Copyright 1986-2022 Xilinx, Inc. All Rights Reserved.
    ** Copyright 2022-2024 Advanced Micro Devices, Inc. All Rights Reserved.

source ALU.tcl -notrace
create_project: Time (s): cpu = 00:00:07 ; elapsed = 00:00:07 . Memory (MB): peak = 1412.996 ; gain = 0.023 ; free physical = 18069 ; free virtual = 25824
Command: read_checkpoint -auto_incremental -incremental /home/yates/Documents/GitHub/Building-A-Computer-From-First-Principles/Hardware/Hardware/Hardware.srcs/utils_1/imports/synth_1/ALU.dcp
INFO: [Vivado 12-5825] Read reference checkpoint from /home/yates/Documents/GitHub/Building-A-Computer-From-First-Principles/Hardware/Hardware/Hardware.srcs/utils_1/imports/synth_1/ALU.dcp for incremental synthesis
INFO: [Vivado 12-7989] Please ensure there are no constraint changes
Command: synth_design -top ALU -part xc7a35tcpg236-2L
Starting synth_design
Attempting to get a license for feature 'Synthesis' and/or device 'xc7a35t'
INFO: [Common 17-349] Got license for feature 'Synthesis' and/or device 'xc7a35t'
INFO: [Device 21-403] Loading part xc7a35tcpg236-2L
INFO: [Device 21-9227] Part: xc7a35tcpg236-2L does not have CEAM library.
INFO: [Designutils 20-5440] No compile time benefit to using incremental synthesis; A full resynthesis will be run
INFO: [Designutils 20-4379] Flow is switching to default flow due to incremental criteria not met. If you would like to alter this behaviour and have the flow terminate instead, please set the following parameter config_implementation {autoIncr.Synth.RejectBehavior Terminate}
INFO: [Synth 8-7079] Multithreading enabled for synth_design using a maximum of 4 processes.
INFO: [Synth 8-7078] Launching helper process for spawning children vivado processes
INFO: [Synth 8-7075] Helper process launched with PID 40993
---------------------------------------------------------------------------------
Starting RTL Elaboration : Time (s): cpu = 00:00:04 ; elapsed = 00:00:04 . Memory (MB): peak = 2129.781 ; gain = 413.715 ; free physical = 17009 ; free virtual = 24771
---------------------------------------------------------------------------------
INFO: [Synth 8-638] synthesizing module 'ALU' [/home/yates/Documents/GitHub/Building-A-Computer-From-First-Principles/Hardware/Hardware/Hardware.srcs/sources_1/new/ALU.vhd:37]
WARNING: [Synth 8-614] signal 'x1' is read in the process but is not in the sensitivity list [/home/yates/Documents/GitHub/Building-A-Computer-From-First-Principles/Hardware/Hardware/Hardware.srcs/sources_1/new/ALU.vhd:40]
WARNING: [Synth 8-614] signal 'y1' is read in the process but is not in the sensitivity list [/home/yates/Documents/GitHub/Building-A-Computer-From-First-Principles/Hardware/Hardware/Hardware.srcs/sources_1/new/ALU.vhd:40]
WARNING: [Synth 8-614] signal 'x2' is read in the process but is not in the sensitivity list [/home/yates/Documents/GitHub/Building-A-Computer-From-First-Principles/Hardware/Hardware/Hardware.srcs/sources_1/new/ALU.vhd:40]
WARNING: [Synth 8-614] signal 'y2' is read in the process but is not in the sensitivity list [/home/yates/Documents/GitHub/Building-A-Computer-From-First-Principles/Hardware/Hardware/Hardware.srcs/sources_1/new/ALU.vhd:40]
WARNING: [Synth 8-614] signal 'out1' is read in the process but is not in the sensitivity list [/home/yates/Documents/GitHub/Building-A-Computer-From-First-Principles/Hardware/Hardware/Hardware.srcs/sources_1/new/ALU.vhd:40]
INFO: [Synth 8-256] done synthesizing module 'ALU' (0#1) [/home/yates/Documents/GitHub/Building-A-Computer-From-First-Principles/Hardware/Hardware/Hardware.srcs/sources_1/new/ALU.vhd:37]
WARNING: [Synth 8-3917] design ALU has port zr driven by constant 1
---------------------------------------------------------------------------------
Finished RTL Elaboration : Time (s): cpu = 00:00:06 ; elapsed = 00:00:06 . Memory (MB): peak = 2204.750 ; gain = 488.684 ; free physical = 16702 ; free virtual = 24465
---------------------------------------------------------------------------------
---------------------------------------------------------------------------------
Start Handling Custom Attributes
---------------------------------------------------------------------------------
---------------------------------------------------------------------------------
Finished Handling Custom Attributes : Time (s): cpu = 00:00:06 ; elapsed = 00:00:06 . Memory (MB): peak = 2219.594 ; gain = 503.527 ; free physical = 16733 ; free virtual = 24495
---------------------------------------------------------------------------------
---------------------------------------------------------------------------------
Finished RTL Optimization Phase 1 : Time (s): cpu = 00:00:06 ; elapsed = 00:00:06 . Memory (MB): peak = 2219.594 ; gain = 503.527 ; free physical = 16733 ; free virtual = 24495
---------------------------------------------------------------------------------
Netlist sorting complete. Time (s): cpu = 00:00:00 ; elapsed = 00:00:00 . Memory (MB): peak = 2219.594 ; gain = 0.000 ; free physical = 16733 ; free virtual = 24496
INFO: [Project 1-570] Preparing netlist for logic optimization

Processing XDC Constraints
Initializing timing engine
Parsing XDC File [/home/yates/Documents/GitHub/Building-A-Computer-From-First-Principles/Hardware/Basys-3-Master.xdc]
Finished Parsing XDC File [/home/yates/Documents/GitHub/Building-A-Computer-From-First-Principles/Hardware/Basys-3-Master.xdc]
INFO: [Project 1-236] Implementation specific constraints were found while reading constraint file [/home/yates/Documents/GitHub/Building-A-Computer-From-First-Principles/Hardware/Basys-3-Master.xdc]. These constraints will be ignored for synthesis but will be used in implementation. Impacted constraints are listed in the file [.Xil/ALU_propImpl.xdc].
Resolution: To avoid this warning, move constraints listed in [.Xil/ALU_propImpl.xdc] to another XDC file and exclude this new file from synthesis with the used_in_synthesis property (File Properties dialog in GUI) and re-run elaboration/synthesis.
Completed Processing XDC Constraints

Netlist sorting complete. Time (s): cpu = 00:00:00 ; elapsed = 00:00:00 . Memory (MB): peak = 2329.344 ; gain = 0.000 ; free physical = 16599 ; free virtual = 24361
INFO: [Project 1-111] Unisim Transformation Summary:
No Unisim elements were transformed.

Constraint Validation Runtime : Time (s): cpu = 00:00:00 ; elapsed = 00:00:00 . Memory (MB): peak = 2329.344 ; gain = 0.000 ; free physical = 16599 ; free virtual = 24361
INFO: [Designutils 20-5440] No compile time benefit to using incremental synthesis; A full resynthesis will be run
INFO: [Designutils 20-4379] Flow is switching to default flow due to incremental criteria not met. If you would like to alter this behaviour and have the flow terminate instead, please set the following parameter config_implementation {autoIncr.Synth.RejectBehavior Terminate}
---------------------------------------------------------------------------------
Finished Constraint Validation : Time (s): cpu = 00:00:12 ; elapsed = 00:00:13 . Memory (MB): peak = 2329.344 ; gain = 613.277 ; free physical = 16690 ; free virtual = 24453
---------------------------------------------------------------------------------
---------------------------------------------------------------------------------
Start Loading Part and Timing Information
---------------------------------------------------------------------------------
Loading part: xc7a35tcpg236-2L
---------------------------------------------------------------------------------
Finished Loading Part and Timing Information : Time (s): cpu = 00:00:12 ; elapsed = 00:00:13 . Memory (MB): peak = 2337.348 ; gain = 621.281 ; free physical = 16690 ; free virtual = 24453
---------------------------------------------------------------------------------
---------------------------------------------------------------------------------
Start Applying 'set_property' XDC Constraints
---------------------------------------------------------------------------------
---------------------------------------------------------------------------------
Finished applying 'set_property' XDC Constraints : Time (s): cpu = 00:00:12 ; elapsed = 00:00:13 . Memory (MB): peak = 2337.348 ; gain = 621.281 ; free physical = 16690 ; free virtual = 24453
---------------------------------------------------------------------------------
---------------------------------------------------------------------------------
Finished RTL Optimization Phase 2 : Time (s): cpu = 00:00:12 ; elapsed = 00:00:13 . Memory (MB): peak = 2337.348 ; gain = 621.281 ; free physical = 16686 ; free virtual = 24450
---------------------------------------------------------------------------------
---------------------------------------------------------------------------------
Start RTL Component Statistics 
---------------------------------------------------------------------------------
Detailed RTL Component Info : 
+---Adders : 
	   2 Input   16 Bit       Adders := 1     
+---Muxes : 
	   2 Input   16 Bit        Muxes := 4     
---------------------------------------------------------------------------------
Finished RTL Component Statistics 
---------------------------------------------------------------------------------
---------------------------------------------------------------------------------
Start Part Resource Summary
---------------------------------------------------------------------------------
Part Resources:
DSPs: 90 (col length:60)
BRAMs: 100 (col length: RAMB18 60 RAMB36 30)
---------------------------------------------------------------------------------
Finished Part Resource Summary
---------------------------------------------------------------------------------
---------------------------------------------------------------------------------
Start Cross Boundary and Area Optimization
---------------------------------------------------------------------------------
WARNING: [Synth 8-7080] Parallel synthesis criteria is not met
WARNING: [Synth 8-3917] design ALU has port zr driven by constant 1
WARNING: [Synth 8-3917] design ALU has port ng driven by constant 0
---------------------------------------------------------------------------------
Finished Cross Boundary and Area Optimization : Time (s): cpu = 00:00:13 ; elapsed = 00:00:14 . Memory (MB): peak = 2337.348 ; gain = 621.281 ; free physical = 16659 ; free virtual = 24426
---------------------------------------------------------------------------------
---------------------------------------------------------------------------------
Start Applying XDC Timing Constraints
---------------------------------------------------------------------------------
---------------------------------------------------------------------------------
Finished Applying XDC Timing Constraints : Time (s): cpu = 00:00:19 ; elapsed = 00:00:20 . Memory (MB): peak = 2337.348 ; gain = 621.281 ; free physical = 16732 ; free virtual = 24500
---------------------------------------------------------------------------------
---------------------------------------------------------------------------------
Start Timing Optimization
---------------------------------------------------------------------------------
---------------------------------------------------------------------------------
Finished Timing Optimization : Time (s): cpu = 00:00:19 ; elapsed = 00:00:20 . Memory (MB): peak = 2337.348 ; gain = 621.281 ; free physical = 16732 ; free virtual = 24500
---------------------------------------------------------------------------------
---------------------------------------------------------------------------------
Start Technology Mapping
---------------------------------------------------------------------------------
---------------------------------------------------------------------------------
Finished Technology Mapping : Time (s): cpu = 00:00:19 ; elapsed = 00:00:20 . Memory (MB): peak = 2337.348 ; gain = 621.281 ; free physical = 16732 ; free virtual = 24500
---------------------------------------------------------------------------------
---------------------------------------------------------------------------------
Start IO Insertion
---------------------------------------------------------------------------------
---------------------------------------------------------------------------------
Start Flattening Before IO Insertion
---------------------------------------------------------------------------------
---------------------------------------------------------------------------------
Finished Flattening Before IO Insertion
---------------------------------------------------------------------------------
---------------------------------------------------------------------------------
Start Final Netlist Cleanup
---------------------------------------------------------------------------------
---------------------------------------------------------------------------------
Finished Final Netlist Cleanup
---------------------------------------------------------------------------------
---------------------------------------------------------------------------------
Finished IO Insertion : Time (s): cpu = 00:00:23 ; elapsed = 00:00:24 . Memory (MB): peak = 2337.348 ; gain = 621.281 ; free physical = 16785 ; free virtual = 24553
---------------------------------------------------------------------------------
---------------------------------------------------------------------------------
Start Renaming Generated Instances
---------------------------------------------------------------------------------
---------------------------------------------------------------------------------
Finished Renaming Generated Instances : Time (s): cpu = 00:00:23 ; elapsed = 00:00:24 . Memory (MB): peak = 2337.348 ; gain = 621.281 ; free physical = 16785 ; free virtual = 24553
---------------------------------------------------------------------------------
---------------------------------------------------------------------------------
Start Rebuilding User Hierarchy
---------------------------------------------------------------------------------
---------------------------------------------------------------------------------
Finished Rebuilding User Hierarchy : Time (s): cpu = 00:00:23 ; elapsed = 00:00:24 . Memory (MB): peak = 2337.348 ; gain = 621.281 ; free physical = 16785 ; free virtual = 24553
---------------------------------------------------------------------------------
---------------------------------------------------------------------------------
Start Renaming Generated Ports
---------------------------------------------------------------------------------
---------------------------------------------------------------------------------
Finished Renaming Generated Ports : Time (s): cpu = 00:00:23 ; elapsed = 00:00:24 . Memory (MB): peak = 2337.348 ; gain = 621.281 ; free physical = 16785 ; free virtual = 24553
---------------------------------------------------------------------------------
---------------------------------------------------------------------------------
Start Handling Custom Attributes
---------------------------------------------------------------------------------
---------------------------------------------------------------------------------
Finished Handling Custom Attributes : Time (s): cpu = 00:00:23 ; elapsed = 00:00:24 . Memory (MB): peak = 2337.348 ; gain = 621.281 ; free physical = 16785 ; free virtual = 24553
---------------------------------------------------------------------------------
---------------------------------------------------------------------------------
Start Renaming Generated Nets
---------------------------------------------------------------------------------
---------------------------------------------------------------------------------
Finished Renaming Generated Nets : Time (s): cpu = 00:00:23 ; elapsed = 00:00:24 . Memory (MB): peak = 2337.348 ; gain = 621.281 ; free physical = 16785 ; free virtual = 24553
---------------------------------------------------------------------------------
---------------------------------------------------------------------------------
Start Writing Synthesis Report
---------------------------------------------------------------------------------

Report BlackBoxes: 
+-+--------------+----------+
| |BlackBox name |Instances |
+-+--------------+----------+
+-+--------------+----------+

Report Cell Usage: 
+------+-------+------+
|      |Cell   |Count |
+------+-------+------+
|1     |CARRY4 |     4|
|2     |LUT3   |    30|
|3     |LUT4   |     1|
|4     |LUT5   |    15|
|5     |LUT6   |    17|
|6     |IBUF   |    38|
|7     |OBUF   |    18|
+------+-------+------+
---------------------------------------------------------------------------------
Finished Writing Synthesis Report : Time (s): cpu = 00:00:23 ; elapsed = 00:00:24 . Memory (MB): peak = 2337.348 ; gain = 621.281 ; free physical = 16785 ; free virtual = 24553
---------------------------------------------------------------------------------
Synthesis finished with 0 errors, 0 critical warnings and 3 warnings.
Synthesis Optimization Runtime : Time (s): cpu = 00:00:21 ; elapsed = 00:00:22 . Memory (MB): peak = 2337.348 ; gain = 511.531 ; free physical = 16785 ; free virtual = 24553
Synthesis Optimization Complete : Time (s): cpu = 00:00:23 ; elapsed = 00:00:24 . Memory (MB): peak = 2337.355 ; gain = 621.281 ; free physical = 16785 ; free virtual = 24553
INFO: [Project 1-571] Translating synthesized netlist
Netlist sorting complete. Time (s): cpu = 00:00:00 ; elapsed = 00:00:00 . Memory (MB): peak = 2337.355 ; gain = 0.000 ; free physical = 17068 ; free virtual = 24836
INFO: [Netlist 29-17] Analyzing 4 Unisim elements for replacement
INFO: [Netlist 29-28] Unisim Transformation completed in 3 CPU seconds
INFO: [Project 1-570] Preparing netlist for logic optimization
INFO: [Opt 31-138] Pushed 0 inverter(s) to 0 load pin(s).
Netlist sorting complete. Time (s): cpu = 00:00:00 ; elapsed = 00:00:00 . Memory (MB): peak = 2393.375 ; gain = 0.000 ; free physical = 17089 ; free virtual = 24857
INFO: [Project 1-111] Unisim Transformation Summary:
No Unisim elements were transformed.

Synth Design complete | Checksum: 7509a28e
INFO: [Common 17-83] Releasing license: Synthesis
24 Infos, 9 Warnings, 0 Critical Warnings and 0 Errors encountered.
synth_design completed successfully
synth_design: Time (s): cpu = 00:00:30 ; elapsed = 00:00:29 . Memory (MB): peak = 2393.375 ; gain = 980.379 ; free physical = 17089 ; free virtual = 24857
INFO: [Common 17-2834] synth_design peak Physical Memory [PSS] (MB): overall = 1905.047; main = 1551.088; forked = 402.467
INFO: [Common 17-2834] synth_design peak Virtual Memory [VSS] (MB): overall = 3370.945; main = 2393.379; forked = 1033.594
Write ShapeDB Complete: Time (s): cpu = 00:00:00 ; elapsed = 00:00:00 . Memory (MB): peak = 2417.387 ; gain = 0.000 ; free physical = 17090 ; free virtual = 24858
INFO: [Common 17-1381] The checkpoint '/home/yates/Documents/GitHub/Building-A-Computer-From-First-Principles/Hardware/Hardware/Hardware.runs/synth_1/ALU.dcp' has been generated.
INFO: [Vivado 12-24828] Executing command : report_utilization -file ALU_utilization_synth.rpt -pb ALU_utilization_synth.pb
INFO: [Common 17-206] Exiting Vivado at Sun Jul 28 20:12:52 2024...
